<?xml version="1.0" encoding="UTF-8"?>
<!-- Generated by org.testng.reporters.JUnitXMLReporter -->
<testsuite hostname="LAPTOP-FNCUMBTU" ignored="0" name="Test3" tests="6" failures="3" timestamp="2020-11-04T14:53:06 IST" time="0.301" errors="0">
  <testcase name="setup" time="0.003" classname="tests.Diagnostics"/>
  <testcase name="openURL" time="0.0" classname="tests.Diagnostics">
    <failure type="java.lang.NullPointerException">
      <![CDATA[java.lang.NullPointerException
at tests.Diagnostics.openURL(Diagnostics.java:53)
at java.util.ArrayList.forEach(Unknown Source)
... Removed 27 stack frames]]>
    </failure>
  </testcase> <!-- openURL -->
  <testcase name="reachingDiagnostics" time="0.002" classname="tests.Diagnostics">
    <failure type="java.lang.NullPointerException">
      <![CDATA[java.lang.NullPointerException
at org.openqa.selenium.support.pagefactory.DefaultElementLocator.findElement(DefaultElementLocator.java:69)
at org.openqa.selenium.support.pagefactory.internal.LocatingElementHandler.invoke(LocatingElementHandler.java:38)
at com.sun.proxy.$Proxy9.click(Unknown Source)
at POM_Pages.HomePage.diagnostics(HomePage.java:134)
at tests.Diagnostics.reachingDiagnostics(Diagnostics.java:65)
at java.util.ArrayList.forEach(Unknown Source)
... Removed 27 stack frames]]>
    </failure>
  </testcase> <!-- reachingDiagnostics -->
  <testcase name="displayNames" time="0.0" classname="tests.Diagnostics">
    <skipped/>
  </testcase> <!-- displayNames -->
  <testcase name="WriteInExcel" time="0.003" classname="tests.Diagnostics"/>
  <testcase name="teardown" time="0.285" classname="tests.Diagnostics">
    <failure type="java.lang.NullPointerException">
      <![CDATA[java.lang.NullPointerException
at tests.Diagnostics.teardown(Diagnostics.java:94)
at java.util.ArrayList.forEach(Unknown Source)
... Removed 27 stack frames]]>
    </failure>
  </testcase> <!-- teardown -->
</testsuite> <!-- Test3 -->
