<?xml version="1.0" encoding="UTF-8"?>
<!-- Generated by org.testng.reporters.JUnitXMLReporter -->
<testsuite hostname="LAPTOP-FNCUMBTU" ignored="0" name="Test2" tests="34" failures="0" timestamp="2020-11-07T18:38:01 IST" time="0.138" errors="0">
  <testcase name="@BeforeTest openURL" time="0.0" classname="tests.CorporateWellness">
    <failure type="java.lang.NullPointerException">
      <![CDATA[java.lang.NullPointerException
at tests.CorporateWellness.openURL(CorporateWellness.java:83)
... Removed 24 stack frames]]>
    </failure>
  </testcase> <!-- @BeforeTest openURL -->
  <testcase name="@BeforeTest setup" time="-1.604754481074E9" classname="tests.Diagnostics">
    <skipped/>
  </testcase> <!-- @BeforeTest setup -->
  <testcase name="@BeforeTest setup" time="-1.604754481074E9" classname="tests.Hospital_Filter">
    <skipped/>
  </testcase> <!-- @BeforeTest setup -->
  <testcase name="@BeforeTest setup" time="-1.604754481074E9" classname="SmokeAndRegression.Regression">
    <skipped/>
  </testcase> <!-- @BeforeTest setup -->
  <testcase name="@BeforeTest setup" time="-1.604754481074E9" classname="SmokeAndRegression.Smoke">
    <skipped/>
  </testcase> <!-- @BeforeTest setup -->
  <testcase name="@AfterTest flush" time="-1.60475448118E9" classname="tests.CorporateWellness">
    <skipped/>
  </testcase> <!-- @AfterTest flush -->
  <testcase name="@AfterTest flush" time="-1.60475448118E9" classname="tests.Diagnostics">
    <skipped/>
  </testcase> <!-- @AfterTest flush -->
  <testcase name="@AfterTest flush" time="-1.60475448118E9" classname="tests.Hospital_Filter">
    <skipped/>
  </testcase> <!-- @AfterTest flush -->
  <testcase name="@AfterTest flush" time="-1.60475448118E9" classname="SmokeAndRegression.Regression">
    <skipped/>
  </testcase> <!-- @AfterTest flush -->
  <testcase name="@AfterTest flush" time="-1.60475448118E9" classname="SmokeAndRegression.Smoke">
    <skipped/>
  </testcase> <!-- @AfterTest flush -->
  <testcase name="setup" time="0.0" classname="tests.CorporateWellness">
    <skipped/>
  </testcase> <!-- setup -->
  <testcase name="openURL" time="0.0" classname="tests.Hospital_Filter">
    <skipped/>
  </testcase> <!-- openURL -->
  <testcase name="openURL" time="0.0" classname="tests.Diagnostics">
    <skipped/>
  </testcase> <!-- openURL -->
  <testcase name="openURL" time="0.0" classname="SmokeAndRegression.Regression">
    <skipped/>
  </testcase> <!-- openURL -->
  <testcase name="openURL" time="0.0" classname="SmokeAndRegression.Smoke">
    <skipped/>
  </testcase> <!-- openURL -->
  <testcase name="buyPlusMembership" time="0.0" classname="SmokeAndRegression.Regression">
    <skipped/>
  </testcase> <!-- buyPlusMembership -->
  <testcase name="openingCorporateWellness" time="0.0" classname="tests.CorporateWellness">
    <skipped/>
  </testcase> <!-- openingCorporateWellness -->
  <testcase name="reachingDiagnostics" time="0.0" classname="tests.Diagnostics">
    <skipped/>
  </testcase> <!-- reachingDiagnostics -->
  <testcase name="setLocation" time="0.0" classname="tests.Hospital_Filter">
    <skipped/>
  </testcase> <!-- setLocation -->
  <testcase name="userLogin" time="0.0" classname="SmokeAndRegression.Smoke">
    <skipped/>
  </testcase> <!-- userLogin -->
  <testcase name="displayNames" time="0.0" classname="tests.Diagnostics">
    <skipped/>
  </testcase> <!-- displayNames -->
  <testcase name="handleIFrame" time="0.0" classname="SmokeAndRegression.Regression">
    <skipped/>
  </testcase> <!-- handleIFrame -->
  <testcase name="setHospital" time="0.0" classname="tests.Hospital_Filter">
    <skipped/>
  </testcase> <!-- setHospital -->
  <testcase name="switchingWindow" time="0.0" classname="tests.CorporateWellness">
    <skipped/>
  </testcase> <!-- switchingWindow -->
  <testcase name="userLogout" time="0.0" classname="SmokeAndRegression.Smoke">
    <skipped/>
  </testcase> <!-- userLogout -->
  <testcase name="WriteInExcel" time="0.0" classname="tests.Diagnostics">
    <skipped/>
  </testcase> <!-- WriteInExcel -->
  <testcase name="allTimeOpen" time="0.0" classname="tests.Hospital_Filter">
    <skipped/>
  </testcase> <!-- allTimeOpen -->
  <testcase name="givingInputs" time="0.0" classname="tests.CorporateWellness">
    <skipped/>
  </testcase> <!-- givingInputs -->
  <testcase name="givingInputs" time="0.0" classname="tests.CorporateWellness">
    <skipped/>
  </testcase> <!-- givingInputs -->
  <testcase name="givingInputs" time="0.0" classname="tests.CorporateWellness">
    <skipped/>
  </testcase> <!-- givingInputs -->
  <testcase name="givingInputs" time="0.0" classname="tests.CorporateWellness">
    <skipped/>
  </testcase> <!-- givingInputs -->
  <testcase name="givingInputs" time="0.0" classname="tests.CorporateWellness">
    <skipped/>
  </testcase> <!-- givingInputs -->
  <testcase name="givingInputs" time="0.0" classname="tests.CorporateWellness">
    <skipped/>
  </testcase> <!-- givingInputs -->
  <testcase name="signUp" time="0.0" classname="SmokeAndRegression.Smoke">
    <skipped/>
  </testcase> <!-- signUp -->
  <testcase name="Backtohomepage" time="0.0" classname="tests.CorporateWellness">
    <skipped/>
  </testcase> <!-- Backtohomepage -->
  <testcase name="bookAppointment" time="0.0" classname="SmokeAndRegression.Smoke">
    <skipped/>
  </testcase> <!-- bookAppointment -->
  <testcase name="hasParking" time="0.0" classname="tests.Hospital_Filter">
    <skipped/>
  </testcase> <!-- hasParking -->
  <testcase name="ConsultDoctor" time="0.0" classname="SmokeAndRegression.Smoke">
    <skipped/>
  </testcase> <!-- ConsultDoctor -->
  <testcase name="StarRatings" time="0.0" classname="tests.Hospital_Filter">
    <skipped/>
  </testcase> <!-- StarRatings -->
  <testcase name="WriteInExcel" time="0.0" classname="tests.CorporateWellness">
    <skipped/>
  </testcase> <!-- WriteInExcel -->
  <testcase name="BuyMedicine" time="0.0" classname="SmokeAndRegression.Smoke">
    <skipped/>
  </testcase> <!-- BuyMedicine -->
  <testcase name="WriteInExcel" time="0.0" classname="tests.Hospital_Filter">
    <skipped/>
  </testcase> <!-- WriteInExcel -->
  <testcase name="reachingDiagnostics" time="0.0" classname="SmokeAndRegression.Smoke">
    <skipped/>
  </testcase> <!-- reachingDiagnostics -->
  <testcase name="displayNames" time="0.0" classname="SmokeAndRegression.Smoke">
    <skipped/>
  </testcase> <!-- displayNames -->
</testsuite> <!-- Test2 -->
