<?xml version="1.0" encoding="UTF-8"?>
<!-- Generated by org.testng.reporters.JUnitXMLReporter -->
<testsuite hostname="LAPTOP-FNCUMBTU" ignored="0" name="Default test" tests="9" failures="0" timestamp="2020-11-07T19:22:17 IST" time="91.423" errors="0">
  <testcase name="openURL" time="5.701" classname="SmokeAndRegression.Smoke"/>
  <testcase name="userLogin" time="8.663" classname="SmokeAndRegression.Smoke"/>
  <testcase name="userLogout" time="8.312" classname="SmokeAndRegression.Smoke"/>
  <testcase name="signUp" time="5.334" classname="SmokeAndRegression.Smoke"/>
  <testcase name="bookAppointment" time="32.162" classname="SmokeAndRegression.Smoke"/>
  <testcase name="ConsultDoctor" time="8.968" classname="SmokeAndRegression.Smoke"/>
  <testcase name="BuyMedicine" time="11.683" classname="SmokeAndRegression.Smoke"/>
  <testcase name="reachingDiagnostics" time="2.609" classname="SmokeAndRegression.Smoke"/>
  <testcase name="displayNames" time="0.63" classname="SmokeAndRegression.Smoke"/>
</testsuite> <!-- Default test -->
