<?xml version="1.0" encoding="UTF-8"?>
<!-- Generated by org.testng.reporters.JUnitXMLReporter -->
<testsuite hostname="LAPTOP-FNCUMBTU" ignored="0" name="diagnostic" tests="5" failures="4" timestamp="2020-11-04T13:32:02 IST" time="11.124" errors="0">
  <testcase name="@AfterTest testAfterTest" time="0.0" classname="tests.testconfigAfter">
    <failure type="java.lang.NullPointerException">
      <![CDATA[java.lang.NullPointerException
at tests.testconfigAfter.testAfterTest(testconfigAfter.java:17)
... Removed 24 stack frames]]>
    </failure>
  </testcase> <!-- @AfterTest testAfterTest -->
  <testcase name="setup" time="5.801" classname="tests.Diagnostics">
    <failure type="java.lang.NullPointerException">
      <![CDATA[java.lang.NullPointerException
at tests.Diagnostics.setup(Diagnostics.java:53)
at java.util.ArrayList.forEach(Unknown Source)
... Removed 27 stack frames]]>
    </failure>
  </testcase> <!-- setup -->
  <testcase name="openURL" time="0.001" classname="tests.Diagnostics">
    <failure type="java.lang.NullPointerException">
      <![CDATA[java.lang.NullPointerException
at tests.Diagnostics.openURL(Diagnostics.java:59)
at java.util.ArrayList.forEach(Unknown Source)
... Removed 27 stack frames]]>
    </failure>
  </testcase> <!-- openURL -->
  <testcase name="reachingDiagnostics" time="0.024" classname="tests.Diagnostics">
    <failure type="java.lang.NullPointerException">
      <![CDATA[java.lang.NullPointerException
at tests.Diagnostics.reachingDiagnostics(Diagnostics.java:70)
at java.util.ArrayList.forEach(Unknown Source)
... Removed 27 stack frames]]>
    </failure>
  </testcase> <!-- reachingDiagnostics -->
  <testcase name="displayNames" time="0.0" classname="tests.Diagnostics">
    <skipped/>
  </testcase> <!-- displayNames -->
  <testcase name="WriteInExcel" time="0.002" classname="tests.Diagnostics">
    <failure type="java.lang.NullPointerException">
      <![CDATA[java.lang.NullPointerException
at tests.Diagnostics.WriteInExcel(Diagnostics.java:86)
at java.util.ArrayList.forEach(Unknown Source)
... Removed 27 stack frames]]>
    </failure>
  </testcase> <!-- WriteInExcel -->
</testsuite> <!-- diagnostic -->
