<?xml version="1.0" encoding="UTF-8"?>
<!-- Generated by org.testng.reporters.JUnitXMLReporter -->
<testsuite hostname="LAPTOP-FNCUMBTU" ignored="0" name="filter" tests="9" failures="7" timestamp="2020-11-04T13:31:51 IST" time="20.386" errors="0">
  <testcase name="@AfterTest testAfterTest" time="0.001" classname="tests.testconfigAfter">
    <failure type="java.lang.NullPointerException">
      <![CDATA[java.lang.NullPointerException
at tests.testconfigAfter.testAfterTest(testconfigAfter.java:17)
... Removed 24 stack frames]]>
    </failure>
  </testcase> <!-- @AfterTest testAfterTest -->
  <testcase name="setup" time="5.264" classname="tests.Hospital_Filter">
    <failure type="java.lang.NullPointerException">
      <![CDATA[java.lang.NullPointerException
at tests.Hospital_Filter.setup(Hospital_Filter.java:73)
at java.util.ArrayList.forEach(Unknown Source)
... Removed 27 stack frames]]>
    </failure>
  </testcase> <!-- setup -->
  <testcase name="openURL" time="9.123" classname="tests.Hospital_Filter">
    <failure type="java.lang.NullPointerException">
      <![CDATA[java.lang.NullPointerException
at tests.Hospital_Filter.openURL(Hospital_Filter.java:84)
at java.util.ArrayList.forEach(Unknown Source)
... Removed 27 stack frames]]>
    </failure>
  </testcase> <!-- openURL -->
  <testcase name="setLocation" time="0.0" classname="tests.Hospital_Filter">
    <failure type="java.lang.NullPointerException">
      <![CDATA[java.lang.NullPointerException
at tests.Hospital_Filter.setLocation(Hospital_Filter.java:92)
at java.util.ArrayList.forEach(Unknown Source)
... Removed 27 stack frames]]>
    </failure>
  </testcase> <!-- setLocation -->
  <testcase name="setHospital" time="0.0" classname="tests.Hospital_Filter">
    <failure type="java.lang.NullPointerException">
      <![CDATA[java.lang.NullPointerException
at tests.Hospital_Filter.setHospital(Hospital_Filter.java:103)
at java.util.ArrayList.forEach(Unknown Source)
... Removed 27 stack frames]]>
    </failure>
  </testcase> <!-- setHospital -->
  <testcase name="allTimeOpen" time="0.0" classname="tests.Hospital_Filter">
    <skipped/>
  </testcase> <!-- allTimeOpen -->
  <testcase name="hasParking" time="0.0" classname="tests.Hospital_Filter">
    <skipped/>
  </testcase> <!-- hasParking -->
  <testcase name="display" time="0.001" classname="tests.Hospital_Filter">
    <failure type="java.lang.NullPointerException">
      <![CDATA[java.lang.NullPointerException
at tests.Hospital_Filter.display(Hospital_Filter.java:132)
at java.util.ArrayList.forEach(Unknown Source)
... Removed 27 stack frames]]>
    </failure>
  </testcase> <!-- display -->
  <testcase name="WriteInExcel" time="0.001" classname="tests.Hospital_Filter">
    <failure type="java.lang.NullPointerException">
      <![CDATA[java.lang.NullPointerException
at tests.Hospital_Filter.WriteInExcel(Hospital_Filter.java:141)
at java.util.ArrayList.forEach(Unknown Source)
... Removed 27 stack frames]]>
    </failure>
  </testcase> <!-- WriteInExcel -->
  <testcase name="flush" time="0.001" classname="tests.Hospital_Filter">
    <failure type="java.lang.NullPointerException">
      <![CDATA[java.lang.NullPointerException
at tests.Hospital_Filter.flush(Hospital_Filter.java:155)
at java.util.ArrayList.forEach(Unknown Source)
... Removed 27 stack frames]]>
    </failure>
  </testcase> <!-- flush -->
</testsuite> <!-- filter -->
