<?xml version="1.0" encoding="UTF-8"?>
<!-- Generated by org.testng.reporters.JUnitXMLReporter -->
<testsuite hostname="LAPTOP-FNCUMBTU" ignored="0" name="Test" tests="6" failures="0" timestamp="2020-10-30T12:10:14 IST" time="0.043" errors="0">
  <testcase name="@BeforeSuite driver" time="0.001" classname="SmokeAndRegression.Smoke">
    <failure type="java.util.NoSuchElementException">
      <![CDATA[java.util.NoSuchElementException
at java.util.Scanner.throwFor(Unknown Source)
at java.util.Scanner.next(Unknown Source)
at java.util.Scanner.nextInt(Unknown Source)
at java.util.Scanner.nextInt(Unknown Source)
at demomvn.DriverSetup.getWebDriver(DriverSetup.java:39)
at SmokeAndRegression.Smoke.driver(Smoke.java:22)
... Removed 19 stack frames]]>
    </failure>
  </testcase> <!-- @BeforeSuite driver -->
  <testcase name="openURL" time="0.0" classname="SmokeAndRegression.Regression">
    <skipped/>
  </testcase> <!-- openURL -->
  <testcase name="userLogin" time="0.0" classname="SmokeAndRegression.Regression">
    <skipped/>
  </testcase> <!-- userLogin -->
  <testcase name="signUp" time="0.0" classname="SmokeAndRegression.Regression">
    <skipped/>
  </testcase> <!-- signUp -->
  <testcase name="bookAppointment" time="0.0" classname="SmokeAndRegression.Regression">
    <skipped/>
  </testcase> <!-- bookAppointment -->
  <testcase name="openURL" time="0.0" classname="SmokeAndRegression.Smoke">
    <skipped/>
  </testcase> <!-- openURL -->
  <testcase name="buyPlusMembership" time="0.0" classname="SmokeAndRegression.Smoke">
    <skipped/>
  </testcase> <!-- buyPlusMembership -->
</testsuite> <!-- Test -->
