<?xml version="1.0" encoding="UTF-8"?>
<!-- Generated by org.testng.reporters.JUnitXMLReporter -->
<testsuite hostname="LAPTOP-FNCUMBTU" ignored="0" name="Test" tests="21" failures="0" timestamp="2020-10-30T12:49:47 IST" time="0.06" errors="0">
  <testcase name="@BeforeSuite driver" time="0.001" classname="demomvn.Diagnostics">
    <failure type="java.util.NoSuchElementException">
      <![CDATA[java.util.NoSuchElementException
at java.util.Scanner.throwFor(Unknown Source)
at java.util.Scanner.next(Unknown Source)
at java.util.Scanner.nextInt(Unknown Source)
at java.util.Scanner.nextInt(Unknown Source)
at demomvn.DriverSetup.getWebDriver(DriverSetup.java:39)
at demomvn.Diagnostics.driver(Diagnostics.java:27)
... Removed 19 stack frames]]>
    </failure>
  </testcase> <!-- @BeforeSuite driver -->
  <testcase name="@BeforeSuite driver" time="-1.604042387891E9" classname="demomvn.Hospital_Filter">
    <skipped/>
  </testcase> <!-- @BeforeSuite driver -->
  <testcase name="@BeforeSuite driver" time="-1.604042387892E9" classname="SmokeAndRegression.Regression">
    <skipped/>
  </testcase> <!-- @BeforeSuite driver -->
  <testcase name="@BeforeSuite driver" time="-1.604042387893E9" classname="SmokeAndRegression.Smoke">
    <skipped/>
  </testcase> <!-- @BeforeSuite driver -->
  <testcase name="openURL" time="0.0" classname="SmokeAndRegression.Regression">
    <skipped/>
  </testcase> <!-- openURL -->
  <testcase name="openURL" time="0.0" classname="demomvn.CorporateWellness">
    <skipped/>
  </testcase> <!-- openURL -->
  <testcase name="openURL" time="0.0" classname="demomvn.Diagnostics">
    <skipped/>
  </testcase> <!-- openURL -->
  <testcase name="openURL" time="0.0" classname="demomvn.Hospital_Filter">
    <skipped/>
  </testcase> <!-- openURL -->
  <testcase name="openURL" time="0.0" classname="SmokeAndRegression.Smoke">
    <skipped/>
  </testcase> <!-- openURL -->
  <testcase name="buyPlusMembership" time="0.0" classname="SmokeAndRegression.Smoke">
    <skipped/>
  </testcase> <!-- buyPlusMembership -->
  <testcase name="openingCorporateWellness" time="0.0" classname="demomvn.CorporateWellness">
    <skipped/>
  </testcase> <!-- openingCorporateWellness -->
  <testcase name="reachingDiagnostics" time="0.0" classname="demomvn.Diagnostics">
    <skipped/>
  </testcase> <!-- reachingDiagnostics -->
  <testcase name="setLocation" time="0.0" classname="demomvn.Hospital_Filter">
    <skipped/>
  </testcase> <!-- setLocation -->
  <testcase name="userLogin" time="0.0" classname="SmokeAndRegression.Regression">
    <skipped/>
  </testcase> <!-- userLogin -->
  <testcase name="displaynames" time="0.0" classname="demomvn.Diagnostics">
    <skipped/>
  </testcase> <!-- displaynames -->
  <testcase name="setHospital" time="0.0" classname="demomvn.Hospital_Filter">
    <skipped/>
  </testcase> <!-- setHospital -->
  <testcase name="signUp" time="0.0" classname="SmokeAndRegression.Regression">
    <skipped/>
  </testcase> <!-- signUp -->
  <testcase name="switchingWindow" time="0.0" classname="demomvn.CorporateWellness">
    <skipped/>
  </testcase> <!-- switchingWindow -->
  <testcase name="allTimeOpen" time="0.0" classname="demomvn.Hospital_Filter">
    <skipped/>
  </testcase> <!-- allTimeOpen -->
  <testcase name="bookAppointment" time="0.0" classname="SmokeAndRegression.Regression">
    <skipped/>
  </testcase> <!-- bookAppointment -->
  <testcase name="givingInputs" time="0.0" classname="demomvn.CorporateWellness">
    <skipped/>
  </testcase> <!-- givingInputs -->
  <testcase name="capturingWarningMessage" time="0.0" classname="demomvn.CorporateWellness">
    <skipped/>
  </testcase> <!-- capturingWarningMessage -->
  <testcase name="hasParking" time="0.0" classname="demomvn.Hospital_Filter">
    <skipped/>
  </testcase> <!-- hasParking -->
  <testcase name="starFilter" time="0.0" classname="demomvn.Hospital_Filter">
    <skipped/>
  </testcase> <!-- starFilter -->
  <testcase name="display" time="0.0" classname="demomvn.Hospital_Filter">
    <skipped/>
  </testcase> <!-- display -->
</testsuite> <!-- Test -->
