<?xml version="1.0" encoding="UTF-8"?>
<!-- Generated by org.testng.reporters.JUnitXMLReporter -->
<testsuite hostname="LAPTOP-FNCUMBTU" ignored="0" name="Test1" tests="7" failures="1" timestamp="2020-11-07T19:24:02 IST" time="48.494" errors="0">
  <testcase name="openURL" time="7.12" classname="tests.Hospital_Filter"/>
  <testcase name="setLocation" time="0.832" classname="tests.Hospital_Filter"/>
  <testcase name="setHospital" time="8.035" classname="tests.Hospital_Filter"/>
  <testcase name="allTimeOpen" time="5.498" classname="tests.Hospital_Filter"/>
  <testcase name="hasParking" time="7.583" classname="tests.Hospital_Filter"/>
  <testcase name="StarRatings" time="12.379" classname="tests.Hospital_Filter">
    <failure type="java.lang.IndexOutOfBoundsException" message="Index: 17, Size: 17">
      <![CDATA[java.lang.IndexOutOfBoundsException: Index: 17, Size: 17
at java.util.ArrayList.rangeCheck(Unknown Source)
at java.util.ArrayList.get(Unknown Source)
at org.openqa.selenium.support.pagefactory.internal.LocatingElementListHandler.invoke(LocatingElementListHandler.java:39)
at com.sun.proxy.$Proxy12.get(Unknown Source)
at POM_Pages.HospitalsInBanglorePage.display(HospitalsInBanglorePage.java:132)
at tests.Hospital_Filter.StarRatings(Hospital_Filter.java:127)
at java.util.ArrayList.forEach(Unknown Source)
... Removed 30 stack frames]]>
    </failure>
  </testcase> <!-- StarRatings -->
  <testcase name="WriteInExcel" time="0.729" classname="tests.Hospital_Filter"/>
</testsuite> <!-- Test1 -->
