<?xml version="1.0" encoding="UTF-8"?>
<!-- Generated by org.testng.reporters.JUnitXMLReporter -->
<testsuite hostname="LAPTOP-FNCUMBTU" ignored="0" name="Test3" tests="4" failures="0" timestamp="2020-11-07T19:25:24 IST" time="18.231" errors="0">
  <testcase name="openURL" time="7.027" classname="tests.Diagnostics"/>
  <testcase name="reachingDiagnostics" time="3.849" classname="tests.Diagnostics"/>
  <testcase name="displayNames" time="0.765" classname="tests.Diagnostics"/>
  <testcase name="WriteInExcel" time="0.219" classname="tests.Diagnostics"/>
</testsuite> <!-- Test3 -->
