<?xml version="1.0" encoding="UTF-8"?>
<!-- Generated by org.testng.reporters.JUnitXMLReporter -->
<testsuite hostname="LAPTOP-FNCUMBTU" ignored="0" name="Test4" tests="3" failures="0" timestamp="2020-11-07T19:25:50 IST" time="26.104" errors="0">
  <testcase name="openURL" time="7.48" classname="SmokeAndRegression.Regression"/>
  <testcase name="buyPlusMembership" time="7.759" classname="SmokeAndRegression.Regression"/>
  <testcase name="handleIFrame" time="4.318" classname="SmokeAndRegression.Regression"/>
</testsuite> <!-- Test4 -->
