<?xml version="1.0" encoding="UTF-8"?>
<!-- Generated by org.testng.reporters.JUnitXMLReporter -->
<testsuite hostname="LAPTOP-FNCUMBTU" ignored="0" name="Test5" tests="9" failures="0" timestamp="2020-11-07T19:27:18 IST" time="87.916" errors="0">
  <testcase name="openURL" time="6.898" classname="SmokeAndRegression.Smoke"/>
  <testcase name="userLogin" time="6.102" classname="SmokeAndRegression.Smoke"/>
  <testcase name="userLogout" time="8.502" classname="SmokeAndRegression.Smoke"/>
  <testcase name="signUp" time="4.71" classname="SmokeAndRegression.Smoke"/>
  <testcase name="bookAppointment" time="29.447" classname="SmokeAndRegression.Smoke"/>
  <testcase name="ConsultDoctor" time="7.765" classname="SmokeAndRegression.Smoke"/>
  <testcase name="BuyMedicine" time="13.536" classname="SmokeAndRegression.Smoke"/>
  <testcase name="reachingDiagnostics" time="3.171" classname="SmokeAndRegression.Smoke"/>
  <testcase name="displayNames" time="0.741" classname="SmokeAndRegression.Smoke"/>
</testsuite> <!-- Test5 -->
